<?xml version="1.0" encoding="UTF-8"?>
<testng-results skipped="0" failed="0" ignored="0" total="1" passed="1">
  <reporter-output>
  </reporter-output>
  <suite name="Suite" duration-ms="10582" started-at="2020-03-16T09:35:20Z" finished-at="2020-03-16T09:35:30Z">
    <groups>
    </groups>
    <test name="Test" duration-ms="10582" started-at="2020-03-16T09:35:20Z" finished-at="2020-03-16T09:35:30Z">
      <class name="com.automation.NewTest">
        <test-method status="PASS" signature="beforeClass()[pri:0, instance:com.automation.NewTest@8bd1b6a]" name="beforeClass" is-config="true" duration-ms="6731" started-at="2020-03-16T09:35:20Z" finished-at="2020-03-16T09:35:26Z">
          <reporter-output>
          </reporter-output>
        </test-method> <!-- beforeClass -->
        <test-method status="PASS" signature="f()[pri:0, instance:com.automation.NewTest@8bd1b6a]" name="f" duration-ms="3050" started-at="2020-03-16T09:35:26Z" finished-at="2020-03-16T09:35:29Z">
          <reporter-output>
          </reporter-output>
        </test-method> <!-- f -->
        <test-method status="PASS" signature="afterClass()[pri:0, instance:com.automation.NewTest@8bd1b6a]" name="afterClass" is-config="true" duration-ms="774" started-at="2020-03-16T09:35:29Z" finished-at="2020-03-16T09:35:30Z">
          <reporter-output>
          </reporter-output>
        </test-method> <!-- afterClass -->
      </class> <!-- com.automation.NewTest -->
    </test> <!-- Test -->
  </suite> <!-- Suite -->
</testng-results>
